#
# There is insufficient memory for the Java Runtime Environment to continue.
# Native memory allocation (malloc) failed to allocate 1022128 bytes for Chunk::new
# Possible reasons:
#   The system is out of physical RAM or swap space
#   In 32 bit mode, the process size limit was hit
# Possible solutions:
#   Reduce memory load on the system
#   Increase physical memory or swap space
#   Check if swap backing store is full
#   Use 64 bit Java on a 64 bit OS
#   Decrease Java heap size (-Xmx/-Xms)
#   Decrease number of Java threads
#   Decrease Java thread stack sizes (-Xss)
#   Set larger code cache with -XX:ReservedCodeCacheSize=
# This output file may be truncated or incomplete.
#
#  Out of Memory Error (allocation.cpp:390), pid=2968, tid=0x0000000000002138
#
# JRE version: OpenJDK Runtime Environment (8.0_76-b03) (build 1.8.0_76-release-b03)
# Java VM: OpenJDK 64-Bit Server VM (25.76-b03 mixed mode windows-amd64 compressed oops)
# Failed to write core dump. Minidumps are not enabled by default on client versions of Windows
#

---------------  T H R E A D  ---------------

Current thread (0x0000000054eb6000):  JavaThread "C2 CompilerThread0" daemon [_thread_in_native, id=8504, stack(0x0000000055f90000,0x0000000056090000)]

Stack: [0x0000000055f90000,0x0000000056090000]
[error occurred during error reporting (printing stack bounds), id 0xc0000005]

Native frames: (J=compiled Java code, j=interpreted, Vv=VM code, C=native code)


Current CompileTask:
C2:6976002 17648 %     4       com.sun.tools.javac.jvm.ClassWriter::writePool @ 18 (1051 bytes)


---------------  P R O C E S S  ---------------

Java Threads: ( => current thread )
  0x0000000059960800 JavaThread "pool-15-thread-2" [_thread_blocked, id=12808, stack(0x00000000659e0000,0x0000000065ae0000)]
  0x0000000059963800 JavaThread "pool-15-thread-1" [_thread_blocked, id=12424, stack(0x0000000063c00000,0x0000000063d00000)]
  0x0000000059962000 JavaThread "Stdin handler" [_thread_blocked, id=13904, stack(0x0000000058e70000,0x0000000058f70000)]
  0x0000000059966800 JavaThread "Asynchronous log dispatcher for org.gradle.launcher.daemon.server.DefaultDaemonConnection@f4d0e1a" [_thread_blocked, id=12572, stack(0x000000005ee40000,0x000000005ef40000)]
  0x0000000059965000 JavaThread "Cancel handler" [_thread_blocked, id=14156, stack(0x0000000058a90000,0x0000000058b90000)]
  0x0000000059967800 JavaThread "Handler for socket connection from /127.0.0.1:1943 to /127.0.0.1:11870" [_thread_in_native, id=14272, stack(0x0000000055780000,0x0000000055880000)]
  0x0000000056c94800 JavaThread "Daemon worker Thread 4" [_thread_in_vm, id=10576, stack(0x000000005c2c0000,0x000000005c3c0000)]
  0x0000000054ee8000 JavaThread "Daemon Thread 4" [_thread_blocked, id=11752, stack(0x00000000588e0000,0x00000000589e0000)]
  0x0000000059961800 JavaThread "pool-9-thread-4" [_thread_blocked, id=11824, stack(0x0000000065800000,0x0000000065900000)]
  0x000000005b57a800 JavaThread "pool-9-thread-3" [_thread_blocked, id=11784, stack(0x0000000065b90000,0x0000000065c90000)]
  0x000000005b579800 JavaThread "pool-9-thread-2" [_thread_blocked, id=11552, stack(0x0000000062ea0000,0x0000000062fa0000)]
  0x0000000056510000 JavaThread "pool-9-thread-1" [_thread_blocked, id=11548, stack(0x0000000064600000,0x0000000064700000)]
  0x000000005b575000 JavaThread "stdout" daemon [_thread_in_native, id=11328, stack(0x0000000063eb0000,0x0000000063fb0000)]
  0x000000005b574000 JavaThread "stderr" daemon [_thread_in_native, id=11324, stack(0x0000000063d40000,0x0000000063e40000)]
  0x000000005650e800 JavaThread "stdout" daemon [_thread_in_native, id=11296, stack(0x0000000063430000,0x0000000063530000)]
  0x000000005650d800 JavaThread "stderr" daemon [_thread_in_native, id=11292, stack(0x00000000636a0000,0x00000000637a0000)]
  0x000000005650d000 JavaThread "stdout" daemon [_thread_in_native, id=11268, stack(0x0000000063540000,0x0000000063640000)]
  0x000000005650c000 JavaThread "stderr" daemon [_thread_in_native, id=11064, stack(0x0000000063310000,0x0000000063410000)]
  0x000000005650b800 JavaThread "stdout" daemon [_thread_in_native, id=10852, stack(0x0000000063110000,0x0000000063210000)]
  0x000000005650a800 JavaThread "stderr" daemon [_thread_in_native, id=11132, stack(0x0000000062860000,0x0000000062960000)]
  0x000000005650a000 JavaThread "stdout" daemon [_thread_in_native, id=6836, stack(0x0000000062fb0000,0x00000000630b0000)]
  0x0000000056509000 JavaThread "stderr" daemon [_thread_in_native, id=6120, stack(0x0000000062d90000,0x0000000062e90000)]
  0x000000005c864000 JavaThread "stdout" daemon [_thread_in_native, id=10332, stack(0x0000000062c30000,0x0000000062d30000)]
  0x000000005c863000 JavaThread "stderr" daemon [_thread_in_native, id=9528, stack(0x0000000062b30000,0x0000000062c30000)]
  0x000000005c862800 JavaThread "stdout" daemon [_thread_in_native, id=9408, stack(0x00000000629f0000,0x0000000062af0000)]
  0x000000005c861800 JavaThread "stderr" daemon [_thread_in_native, id=11216, stack(0x0000000062750000,0x0000000062850000)]
  0x000000005c861000 JavaThread "stdout" daemon [_thread_in_native, id=10040, stack(0x00000000624b0000,0x00000000625b0000)]
  0x000000005c860000 JavaThread "stderr" daemon [_thread_in_native, id=4036, stack(0x0000000061c00000,0x0000000061d00000)]
  0x000000005c85f800 JavaThread "stdout" daemon [_thread_in_native, id=3820, stack(0x0000000061fa0000,0x00000000620a0000)]
  0x000000005cf50000 JavaThread "stderr" daemon [_thread_in_native, id=9620, stack(0x0000000060e90000,0x0000000060f90000)]
  0x000000005c85e800 JavaThread "stdout" daemon [_thread_in_native, id=10596, stack(0x0000000062630000,0x0000000062730000)]
  0x000000005c85e000 JavaThread "stderr" daemon [_thread_in_native, id=11092, stack(0x00000000619f0000,0x0000000061af0000)]
  0x000000005c85d000 JavaThread "stdout" daemon [_thread_in_native, id=7896, stack(0x00000000623a0000,0x00000000624a0000)]
  0x000000005a2ef000 JavaThread "stderr" daemon [_thread_in_native, id=5216, stack(0x0000000062200000,0x0000000062300000)]
  0x000000005a2ee000 JavaThread "stdout" daemon [_thread_in_native, id=10172, stack(0x00000000620a0000,0x00000000621a0000)]
  0x000000005a2ed800 JavaThread "stderr" daemon [_thread_in_native, id=10288, stack(0x0000000061ea0000,0x0000000061fa0000)]
  0x000000005a2ec800 JavaThread "stdout" daemon [_thread_in_native, id=8548, stack(0x0000000061d20000,0x0000000061e20000)]
  0x000000005a2ec000 JavaThread "stderr" daemon [_thread_in_native, id=9752, stack(0x0000000060fb0000,0x00000000610b0000)]
  0x000000005a2eb000 JavaThread "stdout" daemon [_thread_in_native, id=5000, stack(0x0000000061af0000,0x0000000061bf0000)]
  0x000000005a2ea800 JavaThread "stderr" daemon [_thread_in_native, id=9020, stack(0x0000000061660000,0x0000000061760000)]
  0x000000005a2e9800 JavaThread "stdout" daemon [_thread_in_native, id=11032, stack(0x00000000618b0000,0x00000000619b0000)]
  0x000000005a2e9000 JavaThread "stderr" daemon [_thread_in_native, id=8840, stack(0x00000000617b0000,0x00000000618b0000)]
  0x000000005a2e8000 JavaThread "stdout" daemon [_thread_in_native, id=11076, stack(0x0000000061520000,0x0000000061620000)]
  0x000000005cf52800 JavaThread "stderr" daemon [_thread_in_native, id=9284, stack(0x0000000061320000,0x0000000061420000)]
  0x000000005cf51800 JavaThread "stdout" daemon [_thread_in_native, id=10200, stack(0x0000000061220000,0x0000000061320000)]
  0x000000005cf51000 JavaThread "stderr" daemon [_thread_in_native, id=11188, stack(0x00000000610f0000,0x00000000611f0000)]
  0x000000005cf4f800 JavaThread "stdout" daemon [_thread_in_native, id=9776, stack(0x0000000060cd0000,0x0000000060dd0000)]
  0x000000005cf4e800 JavaThread "stderr" daemon [_thread_in_native, id=10964, stack(0x00000000609d0000,0x0000000060ad0000)]
  0x000000005cf4e000 JavaThread "stdout" daemon [_thread_in_native, id=9300, stack(0x0000000060b00000,0x0000000060c00000)]
  0x000000005cf4d000 JavaThread "stderr" daemon [_thread_in_native, id=5556, stack(0x0000000055d70000,0x0000000055e70000)]
  0x000000005cf4c800 JavaThread "stdout" daemon [_thread_in_native, id=10868, stack(0x0000000060880000,0x0000000060980000)]
  0x000000005cf4b800 JavaThread "stderr" daemon [_thread_in_native, id=7964, stack(0x0000000060590000,0x0000000060690000)]
  0x000000005a166000 JavaThread "png-cruncher_20" daemon [_thread_blocked, id=9924, stack(0x00000000606d0000,0x00000000607d0000)]
  0x000000005a165000 JavaThread "png-cruncher_19" daemon [_thread_blocked, id=9696, stack(0x0000000060450000,0x0000000060550000)]
  0x000000005a164800 JavaThread "png-cruncher_18" daemon [_thread_blocked, id=10592, stack(0x0000000060250000,0x0000000060350000)]
  0x000000005a163800 JavaThread "png-cruncher_17" daemon [_thread_blocked, id=6056, stack(0x0000000060350000,0x0000000060450000)]
  0x000000005a163000 JavaThread "png-cruncher_16" daemon [_thread_blocked, id=10524, stack(0x0000000060150000,0x0000000060250000)]
  0x000000005a162000 JavaThread "png-cruncher_15" daemon [_thread_blocked, id=7568, stack(0x000000005fbc0000,0x000000005fcc0000)]
  0x000000005a161800 JavaThread "png-cruncher_14" daemon [_thread_blocked, id=4280, stack(0x000000005ff90000,0x0000000060090000)]
  0x000000005a160800 JavaThread "png-cruncher_13" daemon [_thread_blocked, id=3272, stack(0x000000005fe30000,0x000000005ff30000)]
  0x000000005a160000 JavaThread "png-cruncher_12" daemon [_thread_blocked, id=4320, stack(0x0000000056200000,0x0000000056300000)]
  0x000000005a15f000 JavaThread "png-cruncher_11" daemon [_thread_blocked, id=1992, stack(0x000000005fcd0000,0x000000005fdd0000)]
  0x0000000058349800 JavaThread "png-cruncher_10" daemon [_thread_blocked, id=9372, stack(0x000000005fa20000,0x000000005fb20000)]
  0x0000000058348800 JavaThread "png-cruncher_9" daemon [_thread_blocked, id=8588, stack(0x000000005f890000,0x000000005f990000)]
  0x0000000058348000 JavaThread "png-cruncher_8" daemon [_thread_blocked, id=5952, stack(0x000000005f780000,0x000000005f880000)]
  0x0000000058347000 JavaThread "png-cruncher_7" daemon [_thread_blocked, id=11152, stack(0x000000005e8a0000,0x000000005e9a0000)]
  0x0000000058346800 JavaThread "png-cruncher_6" daemon [_thread_blocked, id=10864, stack(0x000000005f5b0000,0x000000005f6b0000)]
  0x0000000058345800 JavaThread "png-cruncher_5" daemon [_thread_blocked, id=9532, stack(0x000000005f470000,0x000000005f570000)]
  0x0000000058345000 JavaThread "png-cruncher_4" daemon [_thread_blocked, id=2656, stack(0x000000005f360000,0x000000005f460000)]
  0x0000000058344000 JavaThread "png-cruncher_3" daemon [_thread_blocked, id=2528, stack(0x000000005f190000,0x000000005f290000)]
  0x0000000058343800 JavaThread "png-cruncher_2" daemon [_thread_blocked, id=4756, stack(0x000000005f090000,0x000000005f190000)]
  0x0000000058342800 JavaThread "png-cruncher_1" daemon [_thread_blocked, id=8128, stack(0x000000005ef90000,0x000000005f090000)]
  0x00000000578ea800 JavaThread "File lock request listener" [_thread_in_native, id=2988, stack(0x000000005a510000,0x000000005a610000)]
  0x0000000057629800 JavaThread "pool-1-thread-1" [_thread_blocked, id=8976, stack(0x0000000058730000,0x0000000058830000)]
  0x0000000057961800 JavaThread "Incoming local TCP Connector on port 1943" [_thread_in_native, id=6208, stack(0x0000000058420000,0x0000000058520000)]
  0x0000000054eff800 JavaThread "Service Thread" daemon [_thread_blocked, id=5016, stack(0x0000000056810000,0x0000000056910000)]
  0x0000000054ecb000 JavaThread "C1 CompilerThread1" daemon [_thread_blocked, id=3352, stack(0x0000000056300000,0x0000000056400000)]
=>0x0000000054eb6000 JavaThread "C2 CompilerThread0" daemon [_thread_in_native, id=8504, stack(0x0000000055f90000,0x0000000056090000)]
  0x0000000054ea7000 JavaThread "Attach Listener" daemon [_thread_blocked, id=8452, stack(0x00000000560f0000,0x00000000561f0000)]
  0x0000000054eb3000 JavaThread "Signal Dispatcher" daemon [_thread_blocked, id=8468, stack(0x0000000055e80000,0x0000000055f80000)]
  0x0000000054e7e800 JavaThread "Finalizer" daemon [_thread_blocked, id=8444, stack(0x0000000055c70000,0x0000000055d70000)]
  0x0000000054e33000 JavaThread "Reference Handler" daemon [_thread_blocked, id=9072, stack(0x0000000055ab0000,0x0000000055bb0000)]
  0x000000000246f800 JavaThread "main" [_thread_blocked, id=820, stack(0x00000000026d0000,0x00000000027d0000)]

Other Threads:
  0x0000000054e2d000 VMThread [stack: 0x00000000558a0000,0x00000000559a0000] [id=8816]
  0x000000005645d000 WatcherThread [stack: 0x0000000056940000,0x0000000056a40000] [id=3656]

VM state:not at safepoint (normal execution)

VM Mutex/Monitor currently owned by a thread: None

Heap:
 PSYoungGen      total 306688K, used 35743K [0x00000000eab00000, 0x0000000100000000, 0x0000000100000000)
  eden space 283136K, 4% used [0x00000000eab00000,0x00000000eb6fa800,0x00000000fbf80000)
  from space 23552K, 99% used [0x00000000fbf80000,0x00000000fd66d6b0,0x00000000fd680000)
  to   space 35328K, 0% used [0x00000000fdd80000,0x00000000fdd80000,0x0000000100000000)
 ParOldGen       total 83456K, used 43854K [0x00000000c0000000, 0x00000000c5180000, 0x00000000eab00000)
  object space 83456K, 52% used [0x00000000c0000000,0x00000000c2ad3998,0x00000000c5180000)
 Metaspace       used 69186K, capacity 71796K, committed 73904K, reserved 1114112K
  class space    used 8708K, capacity 9164K, committed 9904K, reserved 1048576K

Card table byte_map: [0x0000000011b90000,0x0000000011da0000] byte_map_base: 0x0000000011590000

Marking Bits: (ParMarkBitMap*) 0x000000006d4e9d00
 Begin Bits: [0x0000000012300000, 0x0000000013300000)
 End Bits:   [0x0000000013300000, 0x0000000014300000)

Polling page: 0x0000000000440000

CodeCache: size=245760Kb used=49980Kb max_used=49980Kb free=195779Kb
 bounds [0x00000000027d0000, 0x00000000058e0000, 0x00000000117d0000]
 total_blobs=14703 nmethods=13955 adapters=661
 compilation: enabled

Compilation events (10 events):
Event: 6973.563 Thread 0x0000000054ecb000 17670       3       java.util.EnumMap$EntryIterator::next (5 bytes)
Event: 6973.563 Thread 0x0000000054ecb000 nmethod 17670 0x00000000058d7710 code [0x00000000058d7880, 0x00000000058d7a28]
Event: 6973.563 Thread 0x0000000054ecb000 17671       3       java.util.EnumMap$EntryIterator::next (44 bytes)
Event: 6973.564 Thread 0x0000000054ecb000 nmethod 17671 0x00000000058d7ad0 code [0x00000000058d7c60, 0x00000000058d8118]
Event: 6973.564 Thread 0x0000000054ecb000 17672       3       java.util.EnumMap$EntryIterator$Entry::<init> (7 bytes)
Event: 6973.564 Thread 0x0000000054ecb000 nmethod 17672 0x00000000058d8310 code [0x00000000058d8480, 0x00000000058d86b0]
Event: 6973.564 Thread 0x0000000054ecb000 17673       3       java.util.EnumMap$EntryIterator$Entry::<init> (15 bytes)
Event: 6973.564 Thread 0x0000000054ecb000 nmethod 17673 0x00000000058d8790 code [0x00000000058d88e0, 0x00000000058d8ab0]
Event: 6973.564 Thread 0x0000000054ecb000 17674       3       java.util.EnumMap$EntryIterator$Entry::getKey (5 bytes)
Event: 6973.564 Thread 0x0000000054ecb000 nmethod 17674 0x00000000058d8b50 code [0x00000000058d8ce0, 0x00000000058d9048]

GC Heap History (10 events):
Event: 6844.961 GC heap before
{Heap before GC invocations=23 (full 5):
 PSYoungGen      total 299008K, used 297984K [0x00000000eab00000, 0x0000000100000000, 0x0000000100000000)
  eden space 297984K, 100% used [0x00000000eab00000,0x00000000fce00000,0x00000000fce00000)
  from space 1024K, 0% used [0x00000000fce00000,0x00000000fce00000,0x00000000fcf00000)
  to   space 26112K, 0% used [0x00000000fe680000,0x00000000fe680000,0x0000000100000000)
 ParOldGen       total 83456K, used 33168K [0x00000000c0000000, 0x00000000c5180000, 0x00000000eab00000)
  object space 83456K, 39% used [0x00000000c0000000,0x00000000c20640b0,0x00000000c5180000)
 Metaspace       used 68097K, capacity 70134K, committed 73904K, reserved 1114112K
  class space    used 8601K, capacity 8944K, committed 9904K, reserved 1048576K
Event: 6845.220 GC heap after
Heap after GC invocations=23 (full 5):
 PSYoungGen      total 309760K, used 26096K [0x00000000eab00000, 0x0000000100000000, 0x0000000100000000)
  eden space 283648K, 0% used [0x00000000eab00000,0x00000000eab00000,0x00000000fc000000)
  from space 26112K, 99% used [0x00000000fe680000,0x00000000ffffc248,0x0000000100000000)
  to   space 32768K, 0% used [0x00000000fc000000,0x00000000fc000000,0x00000000fe000000)
 ParOldGen       total 83456K, used 39600K [0x00000000c0000000, 0x00000000c5180000, 0x00000000eab00000)
  object space 83456K, 47% used [0x00000000c0000000,0x00000000c26ac398,0x00000000c5180000)
 Metaspace       used 68097K, capacity 70134K, committed 73904K, reserved 1114112K
  class space    used 8601K, capacity 8944K, committed 9904K, reserved 1048576K
}
Event: 6848.490 GC heap before
{Heap before GC invocations=24 (full 5):
 PSYoungGen      total 309760K, used 79023K [0x00000000eab00000, 0x0000000100000000, 0x0000000100000000)
  eden space 283648K, 18% used [0x00000000eab00000,0x00000000edeafc78,0x00000000fc000000)
  from space 26112K, 99% used [0x00000000fe680000,0x00000000ffffc248,0x0000000100000000)
  to   space 32768K, 0% used [0x00000000fc000000,0x00000000fc000000,0x00000000fe000000)
 ParOldGen       total 83456K, used 39600K [0x00000000c0000000, 0x00000000c5180000, 0x00000000eab00000)
  object space 83456K, 47% used [0x00000000c0000000,0x00000000c26ac398,0x00000000c5180000)
 Metaspace       used 68266K, capacity 70436K, committed 73904K, reserved 1114112K
  class space    used 8619K, capacity 9026K, committed 9904K, reserved 1048576K
Event: 6848.512 GC heap after
Heap after GC invocations=24 (full 5):
 PSYoungGen      total 303104K, used 19080K [0x00000000eab00000, 0x0000000100000000, 0x0000000100000000)
  eden space 283648K, 0% used [0x00000000eab00000,0x00000000eab00000,0x00000000fc000000)
  from space 19456K, 98% used [0x00000000fc000000,0x00000000fd2a23d8,0x00000000fd300000)
  to   space 33280K, 0% used [0x00000000fdf80000,0x00000000fdf80000,0x0000000100000000)
 ParOldGen       total 83456K, used 39600K [0x00000000c0000000, 0x00000000c5180000, 0x00000000eab00000)
  object space 83456K, 47% used [0x00000000c0000000,0x00000000c26ac398,0x00000000c5180000)
 Metaspace       used 68266K, capacity 70436K, committed 73904K, reserved 1114112K
  class space    used 8619K, capacity 9026K, committed 9904K, reserved 1048576K
}
Event: 6848.512 GC heap before
{Heap before GC invocations=25 (full 6):
 PSYoungGen      total 303104K, used 19080K [0x00000000eab00000, 0x0000000100000000, 0x0000000100000000)
  eden space 283648K, 0% used [0x00000000eab00000,0x00000000eab00000,0x00000000fc000000)
  from space 19456K, 98% used [0x00000000fc000000,0x00000000fd2a23d8,0x00000000fd300000)
  to   space 33280K, 0% used [0x00000000fdf80000,0x00000000fdf80000,0x0000000100000000)
 ParOldGen       total 83456K, used 39600K [0x00000000c0000000, 0x00000000c5180000, 0x00000000eab00000)
  object space 83456K, 47% used [0x00000000c0000000,0x00000000c26ac398,0x00000000c5180000)
 Metaspace       used 68266K, capacity 70436K, committed 73904K, reserved 1114112K
  class space    used 8619K, capacity 9026K, committed 9904K, reserved 1048576K
Event: 6849.033 GC heap after
Heap after GC invocations=25 (full 6):
 PSYoungGen      total 303104K, used 0K [0x00000000eab00000, 0x0000000100000000, 0x0000000100000000)
  eden space 283648K, 0% used [0x00000000eab00000,0x00000000eab00000,0x00000000fc000000)
  from space 19456K, 0% used [0x00000000fc000000,0x00000000fc000000,0x00000000fd300000)
  to   space 33280K, 0% used [0x00000000fdf80000,0x00000000fdf80000,0x0000000100000000)
 ParOldGen       total 83456K, used 43846K [0x00000000c0000000, 0x00000000c5180000, 0x00000000eab00000)
  object space 83456K, 52% used [0x00000000c0000000,0x00000000c2ad1998,0x00000000c5180000)
 Metaspace       used 68266K, capacity 70436K, committed 73904K, reserved 1114112K
  class space    used 8619K, capacity 9026K, committed 9904K, reserved 1048576K
}
Event: 6936.837 GC heap before
{Heap before GC invocations=26 (full 6):
 PSYoungGen      total 303104K, used 283648K [0x00000000eab00000, 0x0000000100000000, 0x0000000100000000)
  eden space 283648K, 100% used [0x00000000eab00000,0x00000000fc000000,0x00000000fc000000)
  from space 19456K, 0% used [0x00000000fc000000,0x00000000fc000000,0x00000000fd300000)
  to   space 33280K, 0% used [0x00000000fdf80000,0x00000000fdf80000,0x0000000100000000)
 ParOldGen       total 83456K, used 43846K [0x00000000c0000000, 0x00000000c5180000, 0x00000000eab00000)
  object space 83456K, 52% used [0x00000000c0000000,0x00000000c2ad1998,0x00000000c5180000)
 Metaspace       used 68782K, capacity 71348K, committed 73904K, reserved 1114112K
  class space    used 8689K, capacity 9132K, committed 9904K, reserved 1048576K
Event: 6936.858 GC heap after
Heap after GC invocations=26 (full 6):
 PSYoungGen      total 316416K, used 3328K [0x00000000eab00000, 0x0000000100000000, 0x0000000100000000)
  eden space 283136K, 0% used [0x00000000eab00000,0x00000000eab00000,0x00000000fbf80000)
  from space 33280K, 10% used [0x00000000fdf80000,0x00000000fe2c0000,0x0000000100000000)
  to   space 32768K, 0% used [0x00000000fbf80000,0x00000000fbf80000,0x00000000fdf80000)
 ParOldGen       total 83456K, used 43854K [0x00000000c0000000, 0x00000000c5180000, 0x00000000eab00000)
  object space 83456K, 52% used [0x00000000c0000000,0x00000000c2ad3998,0x00000000c5180000)
 Metaspace       used 68782K, capacity 71348K, committed 73904K, reserved 1114112K
  class space    used 8689K, capacity 9132K, committed 9904K, reserved 1048576K
}
Event: 6973.094 GC heap before
{Heap before GC invocations=27 (full 6):
 PSYoungGen      total 316416K, used 286464K [0x00000000eab00000, 0x0000000100000000, 0x0000000100000000)
  eden space 283136K, 100% used [0x00000000eab00000,0x00000000fbf80000,0x00000000fbf80000)
  from space 33280K, 10% used [0x00000000fdf80000,0x00000000fe2c0000,0x0000000100000000)
  to   space 32768K, 0% used [0x00000000fbf80000,0x00000000fbf80000,0x00000000fdf80000)
 ParOldGen       total 83456K, used 43854K [0x00000000c0000000, 0x00000000c5180000, 0x00000000eab00000)
  object space 83456K, 52% used [0x00000000c0000000,0x00000000c2ad3998,0x00000000c5180000)
 Metaspace       used 69176K, capacity 71796K, committed 73904K, reserved 1114112K
  class space    used 8708K, capacity 9164K, committed 9904K, reserved 1048576K
Event: 6973.377 GC heap after
Heap after GC invocations=27 (full 6):
 PSYoungGen      total 306688K, used 23477K [0x00000000eab00000, 0x0000000100000000, 0x0000000100000000)
  eden space 283136K, 0% used [0x00000000eab00000,0x00000000eab00000,0x00000000fbf80000)
  from space 23552K, 99% used [0x00000000fbf80000,0x00000000fd66d6b0,0x00000000fd680000)
  to   space 35328K, 0% used [0x00000000fdd80000,0x00000000fdd80000,0x0000000100000000)
 ParOldGen       total 83456K, used 43854K [0x00000000c0000000, 0x00000000c5180000, 0x00000000eab00000)
  object space 83456K, 52% used [0x00000000c0000000,0x00000000c2ad3998,0x00000000c5180000)
 Metaspace       used 69176K, capacity 71796K, committed 73904K, reserved 1114112K
  class space    used 8708K, capacity 9164K, committed 9904K, reserved 1048576K
}

Deoptimization events (10 events):
Event: 6954.134 Thread 0x0000000056c94800 Uncommon trap: reason=unstable_if action=reinterpret pc=0x0000000002ad9a30 method=com.google.common.io.LineBuffer.finishLine(Z)Z @ 30
Event: 6954.146 Thread 0x0000000056c94800 Uncommon trap: reason=bimorphic action=maybe_recompile pc=0x0000000004125ca8 method=java.io.Writer.write(Ljava/lang/String;)V @ 7
Event: 6954.727 Thread 0x0000000056c94800 Uncommon trap: reason=array_check action=maybe_recompile pc=0x000000000579d8a8 method=java.util.TimSort.mergeLo(IIII)V @ 590
Event: 6967.827 Thread 0x0000000056c94800 Uncommon trap: reason=array_check action=maybe_recompile pc=0x000000000579d65c method=java.util.TimSort.mergeLo(IIII)V @ 375
Event: 6971.444 Thread 0x0000000056c94800 Uncommon trap: reason=unstable_if action=reinterpret pc=0x0000000004e0ac4c method=com.sun.tools.javac.file.ZipFileIndex.isUpToDate()Z @ 32
Event: 6971.444 Thread 0x0000000056c94800 Uncommon trap: reason=array_check action=maybe_recompile pc=0x000000000363e65c method=java.util.ComparableTimSort.binarySort([Ljava/lang/Object;III)V @ 183
Event: 6971.444 Thread 0x0000000056c94800 Uncommon trap: reason=array_check action=maybe_recompile pc=0x000000000363e4d0 method=java.util.ComparableTimSort.binarySort([Ljava/lang/Object;III)V @ 215
Event: 6971.444 Thread 0x0000000056c94800 Uncommon trap: reason=array_check action=maybe_recompile pc=0x000000000363e594 method=java.util.ComparableTimSort.binarySort([Ljava/lang/Object;III)V @ 193
Event: 6971.444 Thread 0x0000000056c94800 Uncommon trap: reason=array_check action=maybe_recompile pc=0x000000000363e4d0 method=java.util.ComparableTimSort.binarySort([Ljava/lang/Object;III)V @ 215
Event: 6971.445 Thread 0x0000000056c94800 Uncommon trap: reason=array_check action=maybe_recompile pc=0x00000000048d8c4c method=java.util.ComparableTimSort.binarySort([Ljava/lang/Object;III)V @ 183

Internal exceptions (10 events):
Event: 6893.754 Thread 0x0000000056c94800 Exception <a 'java/lang/ClassNotFoundException': asLocalRepo278_bwwzkihoqtrpivf598hu3guw5BeanInfo> (0x00000000eb18b678) thrown at [C:\src\android\AOSP-openjdk\external\jetbrains\jdk\hotspot\src\share\vm\classfile\systemDictionary.cpp, line 210]
Event: 6893.754 Thread 0x0000000056c94800 Exception <a 'java/lang/ClassNotFoundException': asLocalRepo278_bwwzkihoqtrpivf598hu3guw5Customizer> (0x00000000eb1952a8) thrown at [C:\src\android\AOSP-openjdk\external\jetbrains\jdk\hotspot\src\share\vm\classfile\systemDictionary.cpp, line 210]
Event: 6899.797 Thread 0x0000000056c94800 Implicit null exception at 0x00000000056ff2bd to 0x00000000056ffced
Event: 6901.105 Thread 0x0000000056c94800 Exception <a 'java/lang/reflect/InvocationTargetException'> (0x00000000f3922948) thrown at [C:\src\android\AOSP-openjdk\external\jetbrains\jdk\hotspot\src\share\vm\runtime\reflection.cpp, line 1092]
Event: 6901.928 Thread 0x0000000059962000 Implicit null exception at 0x000000000534c82a to 0x000000000534cdcd
Event: 6902.189 Thread 0x0000000059962000 Implicit null exception at 0x000000000523dd14 to 0x000000000523e0b5
Event: 6936.030 Thread 0x0000000056c94800 Exception <a 'java/lang/ClassNotFoundException': asLocalRepo846_ap7lsea7725hrdb32ltvigsn1BeanInfo> (0x00000000f4805350) thrown at [C:\src\android\AOSP-openjdk\external\jetbrains\jdk\hotspot\src\share\vm\classfile\systemDictionary.cpp, line 210]
Event: 6936.030 Thread 0x0000000056c94800 Exception <a 'java/lang/ClassNotFoundException': asLocalRepo846_ap7lsea7725hrdb32ltvigsn1Customizer> (0x00000000f480ef80) thrown at [C:\src\android\AOSP-openjdk\external\jetbrains\jdk\hotspot\src\share\vm\classfile\systemDictionary.cpp, line 210]
Event: 6937.083 Thread 0x0000000056c94800 Implicit null exception at 0x0000000005660bd3 to 0x0000000005660d0d
Event: 6951.708 Thread 0x0000000056c94800 Implicit null exception at 0x0000000002c4f157 to 0x0000000002c4f293

Events (10 events):
Event: 6971.444 Thread 0x0000000056c94800 Uncommon trap: trap_request=0xffffffd6 fr.pc=0x000000000363e4d0
Event: 6971.444 Thread 0x0000000056c94800 DEOPT PACKING pc=0x000000000363e4d0 sp=0x000000005c3bb0f0
Event: 6971.444 Thread 0x0000000056c94800 DEOPT UNPACKING pc=0x000000000281556a sp=0x000000005c3bb098 mode 2
Event: 6971.445 Thread 0x0000000056c94800 Uncommon trap: trap_request=0xffffffd6 fr.pc=0x00000000048d8c4c
Event: 6971.445 Thread 0x0000000056c94800 DEOPT PACKING pc=0x00000000048d8c4c sp=0x000000005c3bb100
Event: 6971.445 Thread 0x0000000056c94800 DEOPT UNPACKING pc=0x000000000281556a sp=0x000000005c3bb0a8 mode 2
Event: 6973.093 Executing VM operation: ParallelGCFailedAllocation
Event: 6973.377 Executing VM operation: ParallelGCFailedAllocation done
Event: 6973.560 Thread 0x0000000056c94800 DEOPT PACKING pc=0x0000000004507fbd sp=0x000000005c3ba580
Event: 6973.560 Thread 0x0000000056c94800 DEOPT UNPACKING pc=0x00000000028171bf sp=0x000000005c3ba248 mode 0


Dynamic libraries:
0x000000013fb60000 - 0x000000013fb91000 	D:\androidanzhang\androidstudio\jre\bin\java.exe
0x0000000076cc0000 - 0x0000000076e6a000 	C:\Windows\SYSTEM32\ntdll.dll
0x0000000076ba0000 - 0x0000000076cbf000 	C:\Windows\system32\kernel32.dll
0x000007fefcd50000 - 0x000007fefcdba000 	C:\Windows\system32\KERNELBASE.dll
0x000007fefe070000 - 0x000007fefe14b000 	C:\Windows\system32\ADVAPI32.dll
0x000007fefd1e0000 - 0x000007fefd27f000 	C:\Windows\system32\msvcrt.dll
0x000007fefe1d0000 - 0x000007fefe1ef000 	C:\Windows\SYSTEM32\sechost.dll
0x000007fefd580000 - 0x000007fefd6ad000 	C:\Windows\system32\RPCRT4.dll
0x0000000076aa0000 - 0x0000000076b9a000 	C:\Windows\system32\USER32.dll
0x000007fefd510000 - 0x000007fefd577000 	C:\Windows\system32\GDI32.dll
0x000007fefcee0000 - 0x000007fefceee000 	C:\Windows\system32\LPK.dll
0x000007fefdd70000 - 0x000007fefde3a000 	C:\Windows\system32\USP10.dll
0x000007fefb1b0000 - 0x000007fefb3a4000 	C:\Windows\WinSxS\amd64_microsoft.windows.common-controls_6595b64144ccf1df_6.0.7601.18837_none_fa3b1e3d17594757\COMCTL32.dll
0x000007fefe150000 - 0x000007fefe1c1000 	C:\Windows\system32\SHLWAPI.dll
0x000007fefd750000 - 0x000007fefd77e000 	C:\Windows\system32\IMM32.DLL
0x000007fefd780000 - 0x000007fefd889000 	C:\Windows\system32\MSCTF.dll
0x000000006ed00000 - 0x000000006edd2000 	D:\androidanzhang\androidstudio\jre\jre\bin\msvcr100.dll
0x000000006cd30000 - 0x000000006d564000 	D:\androidanzhang\androidstudio\jre\jre\bin\server\jvm.dll
0x000007feed8a0000 - 0x000007feed8a9000 	C:\Windows\system32\WSOCK32.dll
0x000007fefef80000 - 0x000007fefefcd000 	C:\Windows\system32\WS2_32.dll
0x000007fefced0000 - 0x000007fefced8000 	C:\Windows\system32\NSI.dll
0x000007fef6f90000 - 0x000007fef6fcb000 	C:\Windows\system32\WINMM.dll
0x000007fefbc00000 - 0x000007fefbc0c000 	C:\Windows\system32\VERSION.dll
0x0000000076e90000 - 0x0000000076e97000 	C:\Windows\system32\PSAPI.DLL
0x000007fee75f0000 - 0x000007fee75ff000 	D:\androidanzhang\androidstudio\jre\jre\bin\verify.dll
0x000007fee0420000 - 0x000007fee0449000 	D:\androidanzhang\androidstudio\jre\jre\bin\java.dll
0x000007fee75d0000 - 0x000007fee75e6000 	D:\androidanzhang\androidstudio\jre\jre\bin\zip.dll
0x000007fefe1f0000 - 0x000007fefef79000 	C:\Windows\system32\SHELL32.dll
0x000007fefd990000 - 0x000007fefdb8c000 	C:\Windows\system32\ole32.dll
0x000007fefcb20000 - 0x000007fefcb2f000 	C:\Windows\system32\profapi.dll
0x000007fee0400000 - 0x000007fee041a000 	D:\androidanzhang\androidstudio\jre\jre\bin\net.dll
0x000007fefc2b0000 - 0x000007fefc305000 	C:\Windows\system32\mswsock.dll
0x000007fefc2a0000 - 0x000007fefc2a7000 	C:\Windows\System32\wship6.dll
0x000007fee0020000 - 0x000007fee0031000 	D:\androidanzhang\androidstudio\jre\jre\bin\nio.dll
0x000007fee0800000 - 0x000007fee0812000 	C:\Users\Administrator\.gradle\native\19\windows-amd64\native-platform.dll
0x000007fefc310000 - 0x000007fefc327000 	C:\Windows\system32\CRYPTSP.dll
0x000007fefc010000 - 0x000007fefc057000 	C:\Windows\system32\rsaenh.dll
0x000007fefcb70000 - 0x000007fefcb8e000 	C:\Windows\system32\USERENV.dll
0x000007fefc970000 - 0x000007fefc97f000 	C:\Windows\system32\CRYPTBASE.dll
0x000007fefaa30000 - 0x000007fefaa57000 	C:\Windows\system32\IPHLPAPI.DLL
0x000007fefaa20000 - 0x000007fefaa2b000 	C:\Windows\system32\WINNSI.DLL
0x000007fefa660000 - 0x000007fefa671000 	C:\Windows\system32\dhcpcsvc6.DLL
0x000007fefa640000 - 0x000007fefa658000 	C:\Windows\system32\dhcpcsvc.DLL
0x000007fee75b0000 - 0x000007fee75bd000 	D:\androidanzhang\androidstudio\jre\jre\bin\management.dll
0x000007fefc910000 - 0x000007fefc967000 	C:\Windows\system32\apphelp.dll
0x000007fedffb0000 - 0x000007fedffd4000 	D:\androidanzhang\androidstudio\jre\jre\bin\sunec.dll
0x000007fefb180000 - 0x000007fefb18b000 	D:\androidanzhang\androidstudio\jre\jre\bin\sunmscapi.dll
0x000007fefcbe0000 - 0x000007fefcd4c000 	C:\Windows\system32\CRYPT32.dll
0x000007fefcb10000 - 0x000007fefcb1f000 	C:\Windows\system32\MSASN1.dll

VM Arguments:
jvm_args: -XX:MaxPermSize=256m -XX:+HeapDumpOnOutOfMemoryError -Xmx1024m -Dfile.encoding=GBK -Duser.country=CN -Duser.language=zh -Duser.variant 
java_command: org.gradle.launcher.daemon.bootstrap.GradleDaemon 2.14.1
java_class_path (initial): D:\androidanzhang\androidstudio\gradle\gradle-2.14.1\lib\gradle-launcher-2.14.1.jar
Launcher Type: SUN_STANDARD

Environment Variables:
JAVA_HOME=C:\Program Files (x86)\Java\jdk1.8.0_121
PATH=C:\ProgramData\Oracle\Java\javapath;C:\Windows\system32;C:\Windows;C:\Windows\System32\Wbem;C:\Windows\System32\WindowsPowerShell\v1.0\;C:\windows\system32;C:\windows;C:\windows\System32\Wbem;C:\Program Files (x86)\Java\jdk1.8.0_121\bin;C:\Program Files (x86)\Java\jdk1.8.0_121\jre\bin;C:\Program Files (x86)\Java\jre1.8.0_121\bin;C:\Program Files (x86)\GtkSharp\2.12\bin;%android%;C:\Program Files\Microsoft SQL Server\110\DTS\Binn\;C:\Program Files (x86)\Microsoft SQL Server\110\Tools\Binn\;C:\Program Files\Microsoft SQL Server\110\Tools\Binn\;C:\Program Files (x86)\Microsoft SQL Server\110\Tools\Binn\ManagementStudio\;C:\Program Files (x86)\Microsoft Visual Studio 10.0\Common7\IDE\PrivateAssemblies\;C:\Program Files (x86)\Microsoft SQL Server\110\DTS\Binn\;C:\Windows\system32\config\systemprofile\.dnx\bin;C:\Program Files\Microsoft DNX\Dnvm\;C:\Program Files\Microsoft SQL Server\120\Tools\Binn\;C:\Program Files\Microsoft SQL Server\130\Tools\Binn\;D:\SVN\bin;D:\BZL_work\BZL\BoZhiLianJavaHoutai\apache-maven-3.3.9\apache-maven-3.3.9\bin;C:\Program Files (x86)\Windows Kits\8.1\Windows Performance Toolkit\
USERNAME=Administrator
OS=Windows_NT
PROCESSOR_IDENTIFIER=Intel64 Family 6 Model 60 Stepping 3, GenuineIntel



---------------  S Y S T E M  ---------------

OS: Windows 7 , 64 bit Build 7601 (6.1.7601.23714)

CPU:total 2 (2 cores per cpu, 1 threads per core) family 6 model 60 stepping 3, cmov, cx8, fxsr, mmx, sse, sse2, sse3, ssse3, sse4.1, sse4.2, popcnt, clmul, erms, lzcnt, tsc, tscinvbit

Memory: 4k page, physical 8176620k(717284k free), swap 9115196k(5136k free)

vm_info: OpenJDK 64-Bit Server VM (25.76-b03) for windows-amd64 JRE (1.8.0_76-release-b03), built on Jun 29 2016 19:09:20 by "ralucas" with MS VC++ 10.0 (VS2010)

time: Sat Jul 15 16:27:41 2017
elapsed time: 6973 seconds (0d 1h 56m 13s)

